<?xml version="1.0" encoding="UTF-8"?>
<testng-results ignored="0" total="2" passed="2" failed="0" skipped="0">
  <reporter-output>
  </reporter-output>
  <suite started-at="2021-04-21T22:47:04 GMT+02:00" name="Default suite" finished-at="2021-04-21T22:47:16 GMT+02:00" duration-ms="11631">
    <groups>
    </groups>
    <test started-at="2021-04-21T22:47:04 GMT+02:00" name="Default test" finished-at="2021-04-21T22:47:16 GMT+02:00" duration-ms="11631">
      <class name="com.google.TestNGDemo">
        <test-method is-config="true" signature="OpenURL()[pri:0, instance:com.google.TestNGDemo@74455848]" started-at="2021-04-21T22:47:04 GMT+02:00" name="OpenURL" finished-at="2021-04-21T22:47:12 GMT+02:00" duration-ms="7443" status="PASS">
          <reporter-output>
          </reporter-output>
        </test-method> <!-- OpenURL -->
        <test-method signature="UserCanBuy()[pri:0, instance:com.google.TestNGDemo@74455848]" started-at="2021-04-21T22:47:12 GMT+02:00" name="UserCanBuy" finished-at="2021-04-21T22:47:12 GMT+02:00" duration-ms="5" status="PASS">
          <reporter-output>
          </reporter-output>
        </test-method> <!-- UserCanBuy -->
        <test-method signature="UserLogin()[pri:0, instance:com.google.TestNGDemo@74455848]" started-at="2021-04-21T22:47:12 GMT+02:00" name="UserLogin" finished-at="2021-04-21T22:47:12 GMT+02:00" duration-ms="11" status="PASS">
          <reporter-output>
          </reporter-output>
        </test-method> <!-- UserLogin -->
        <test-method is-config="true" signature="CloseURL()[pri:0, instance:com.google.TestNGDemo@74455848]" started-at="2021-04-21T22:47:12 GMT+02:00" name="CloseURL" finished-at="2021-04-21T22:47:16 GMT+02:00" duration-ms="4144" status="PASS">
          <reporter-output>
          </reporter-output>
        </test-method> <!-- CloseURL -->
      </class> <!-- com.google.TestNGDemo -->
    </test> <!-- Default test -->
  </suite> <!-- Default suite -->
</testng-results>
